<?xml version="1.0" encoding="UTF-8"?>
<!-- Generated by org.testng.reporters.JUnitXMLReporter -->
<testsuite hostname="QR022" name="Default test" tests="154" failures="0" timestamp="4 Dec 2015 09:47:06 GMT" time="1.08" errors="0">
  <testcase name="testGroupingAmbiguityAnd" time="0.034" classname="parsertest.groupingsectiontest.TestInputGroupingSection"/>
  <testcase name="testGroupingAmbiguityAndRatio" time="0.029" classname="parsertest.groupingsectiontest.TestInputGroupingSection"/>
  <testcase name="testGroupingAmbiguityAndRatioAndRange" time="0.003" classname="parsertest.groupingsectiontest.TestInputGroupingSection"/>
  <testcase name="testGroupingAmbiguityOr" time="0.021" classname="parsertest.groupingsectiontest.TestInputGroupingSection"/>
  <testcase name="testGroupingUnknownRatio" time="0.004" classname="parsertest.groupingsectiontest.TestInputGroupingSection"/>
  <testcase name="goToFinalState" time="0.0" classname="parsertest.annotationsectiontest.AnnotationParserTest"/>
  <testcase name="keepThisState" time="0.001" classname="parsertest.annotationsectiontest.AnnotationParserTest"/>
  <testcase name="keepToFinalStateWithException" time="0.001" classname="parsertest.annotationsectiontest.AnnotationParserTest"/>
  <testcase name="goToBetweenGroupingParser" time="0.001" classname="parsertest.groupingsectiontest.GroupingDetailedInformationParserTest"/>
  <testcase name="goToBetweenGroupingParserWithException" time="0.0" classname="parsertest.groupingsectiontest.GroupingDetailedInformationParserTest"/>
  <testcase name="keepThisState" time="0.001" classname="parsertest.groupingsectiontest.GroupingDetailedInformationParserTest"/>
  <testcase name="ReadingWithException" time="0.0" classname="parsertest.groupingsectiontest.BetweenGroupingParserTest"/>
  <testcase name="goToAnnotationsParser" time="0.0" classname="parsertest.groupingsectiontest.BetweenGroupingParserTest"/>
  <testcase name="goToGroupingParser" time="0.0" classname="parsertest.groupingsectiontest.BetweenGroupingParserTest"/>
  <testcase name="Reading$WithException" time="0.001" classname="parsertest.connectionsectiontest.BetweenInlineConnectionParserTest"/>
  <testcase name="goToConnectionsParser" time="0.0" classname="parsertest.connectionsectiontest.BetweenInlineConnectionParserTest"/>
  <testcase name="goToGroupingSection" time="0.0" classname="parsertest.connectionsectiontest.BetweenInlineConnectionParserTest"/>
  <testcase name="testConstructor" time="0.002" classname="org.helm.notation2.parser.grouping.GroupingNotationTest"/>
  <testcase name="testConstructorAmbiguityAND" time="0.0" classname="org.helm.notation2.parser.grouping.GroupingNotationTest"/>
  <testcase name="testConstructorAmbiguityOR" time="0.0" classname="org.helm.notation2.parser.grouping.GroupingNotationTest"/>
  <testcase name="testConstructorWithException" time="0.0" classname="org.helm.notation2.parser.grouping.GroupingNotationTest"/>
  <testcase name="goToBetweenInlineConnectionParser" time="0.001" classname="parsertest.InlineAnnotationsParserTest"/>
  <testcase name="goToBetweenParser" time="0.001" classname="parsertest.InlineAnnotationsParserTest"/>
  <testcase name="goToSimplePolymersNotationParserParser" time="0.001" classname="parsertest.InlineAnnotationsParserTest"/>
  <testcase name="keepThisState" time="0.0" classname="parsertest.InlineAnnotationsParserTest"/>
  <testcase name="testConstructor" time="0.001" classname="org.helm.notation2.parser.grouping.GroupingElementTest"/>
  <testcase name="testConstructorTwo" time="0.0" classname="org.helm.notation2.parser.grouping.GroupingElementTest"/>
  <testcase name="goToConnectionsReadSecondIDParser" time="0.0" classname="parsertest.connectionsectiontest.ConnectionsParserTest"/>
  <testcase name="goToConnectionsReadSecondIDParserWithException" time="0.001" classname="parsertest.connectionsectiontest.ConnectionsParserTest"/>
  <testcase name="goToGroupingParser" time="0.001" classname="parsertest.connectionsectiontest.ConnectionsParserTest"/>
  <testcase name="goToGroupingParserWithException" time="0.0" classname="parsertest.connectionsectiontest.ConnectionsParserTest"/>
  <testcase name="keepThisState" time="0.0" classname="parsertest.connectionsectiontest.ConnectionsParserTest"/>
  <testcase name="goToBetweenParser" time="0.0" classname="parsertest.simplepolymerssectiontest.BetweenMonomerParserTest"/>
  <testcase name="goToInlineAnnotationParser" time="0.0" classname="parsertest.simplepolymerssectiontest.BetweenMonomerParserTest"/>
  <testcase name="goToSimplePolymerNotationParser" time="0.0" classname="parsertest.simplepolymerssectiontest.BetweenMonomerParserTest"/>
  <testcase name="goToWithException" time="0.0" classname="parsertest.simplepolymerssectiontest.BetweenMonomerParserTest"/>
  <testcase name="goToBetweenParser" time="0.001" classname="parsertest.simplepolymerssectiontest.RepeatingMonomerParserTest"/>
  <testcase name="goToBetweenParserRange" time="0.001" classname="parsertest.simplepolymerssectiontest.RepeatingMonomerParserTest"/>
  <testcase name="goToBetweenParserRangeWithException" time="0.001" classname="parsertest.simplepolymerssectiontest.RepeatingMonomerParserTest"/>
  <testcase name="goToBetweenParserWithException" time="0.0" classname="parsertest.simplepolymerssectiontest.RepeatingMonomerParserTest"/>
  <testcase name="keepThisStateTest" time="0.0" classname="parsertest.simplepolymerssectiontest.RepeatingMonomerParserTest"/>
  <testcase name="testJSONTest" time="0.171" classname="org.helm.notation2.parser.JSONTest"/>
  <testcase name="testJSONTest2" time="0.005" classname="org.helm.notation2.parser.JSONTest"/>
  <testcase name="testGroupRepeating" time="0.0" classname="org.helm.notation2.parser.PolymerNotationTest"/>
  <testcase name="testInputCount" time="0.002" classname="org.helm.notation2.parser.PolymerNotationTest"/>
  <testcase name="testInputGroupMixture" time="0.002" classname="org.helm.notation2.parser.PolymerNotationTest"/>
  <testcase name="testInputGroupOr" time="0.001" classname="org.helm.notation2.parser.PolymerNotationTest"/>
  <testcase name="testSimpleInput" time="0.015" classname="org.helm.notation2.parser.PolymerNotationTest"/>
  <testcase name="goToGroupingParser" time="0.0" classname="parsertest.connectionsectiontest.ConnectionsDetailsParserTest"/>
  <testcase name="goToGroupingParserWithException" time="0.0" classname="parsertest.connectionsectiontest.ConnectionsDetailsParserTest"/>
  <testcase name="goToInlineAnnotationsParser" time="0.0" classname="parsertest.connectionsectiontest.ConnectionsDetailsParserTest"/>
  <testcase name="goToInlineAnnotationsParserWithException" time="0.0" classname="parsertest.connectionsectiontest.ConnectionsDetailsParserTest"/>
  <testcase name="keepThisState" time="0.0" classname="parsertest.connectionsectiontest.ConnectionsDetailsParserTest"/>
  <testcase name="testConstructor" time="0.0" classname="org.helm.notation2.parser.polymer.MonomerNotationGroupGroupElementTest"/>
  <testcase name="testConstructorRange" time="0.0" classname="org.helm.notation2.parser.polymer.MonomerNotationGroupGroupElementTest"/>
  <testcase name="testAnnotationNotation" time="0.004" classname="org.helm.notation2.parser.AnnotationNotationTest"/>
  <testcase name="testConstructorList" time="0.0" classname="org.helm.notation2.parser.polymer.PolymerElementsTest"/>
  <testcase name="testConstructorSingle" time="0.0" classname="org.helm.notation2.parser.polymer.PolymerElementsTest"/>
  <testcase name="testHELM2Output" time="0.009" classname="org.helm.notation2.parser.OutputWriterTest"/>
  <testcase name="testHELM2OutputExtended" time="0.006" classname="org.helm.notation2.parser.OutputWriterTest"/>
  <testcase name="testNegativeInput" time="0.029" classname="org.helm.notation2.parser.NotationTest"/>
  <testcase name="testPositiveInput" time="0.428" classname="org.helm.notation2.parser.NotationTest"/>
  <testcase name="testPolymerNotationAnnotation" time="0.001" classname="org.helm.notation2.parser.polymer.PolymerNotationTest"/>
  <testcase name="testPolymerNotationIDBLOB" time="0.0" classname="org.helm.notation2.parser.polymer.PolymerNotationTest"/>
  <testcase name="testPolymerNotationIDBLOBWithException" time="0.0" classname="org.helm.notation2.parser.polymer.PolymerNotationTest"/>
  <testcase name="testPolymerNotationIDCHEM" time="0.0" classname="org.helm.notation2.parser.polymer.PolymerNotationTest"/>
  <testcase name="testPolymerNotationIDPEPTIDE" time="0.0" classname="org.helm.notation2.parser.polymer.PolymerNotationTest"/>
  <testcase name="testPolymerNotationIDRNA" time="0.001" classname="org.helm.notation2.parser.polymer.PolymerNotationTest"/>
  <testcase name="testMonomerNotationAnnotation" time="0.0" classname="org.helm.notation2.parser.polymer.MonomerNotationTest"/>
  <testcase name="testMonomerNotationCount" time="0.0" classname="org.helm.notation2.parser.polymer.MonomerNotationTest"/>
  <testcase name="testMonomerNotationDefaultAnnotation" time="0.001" classname="org.helm.notation2.parser.polymer.MonomerNotationTest"/>
  <testcase name="testMonomerNotationDefaultCount" time="0.0" classname="org.helm.notation2.parser.polymer.MonomerNotationTest"/>
  <testcase name="testMonomerNotationID" time="0.0" classname="org.helm.notation2.parser.polymer.MonomerNotationTest"/>
  <testcase name="testMonomerNotationIDValue" time="0.0" classname="org.helm.notation2.parser.polymer.MonomerNotationTest"/>
  <testcase name="testMonomerNotationID_" time="0.0" classname="org.helm.notation2.parser.polymer.MonomerNotationTest"/>
  <testcase name="SMILESTest" time="0.01" classname="parsertest.ConverterHELM1ToHELM2Test"/>
  <testcase name="simpleHELM1StringTest" time="0.002" classname="parsertest.ConverterHELM1ToHELM2Test"/>
  <testcase name="Reading$WithException" time="0.0" classname="parsertest.simplepolymerssectiontest.BetweenParserTest"/>
  <testcase name="goToConnectionsParser" time="0.0" classname="parsertest.simplepolymerssectiontest.BetweenParserTest"/>
  <testcase name="goToInlineAnnotationsParser" time="0.0" classname="parsertest.simplepolymerssectiontest.BetweenParserTest"/>
  <testcase name="goToSimplePolymersParser" time="0.0" classname="parsertest.simplepolymerssectiontest.BetweenParserTest"/>
  <testcase name="testGrouping" time="0.0" classname="org.helm.notation2.parser.grouping.GroupingAmbiguityTest"/>
  <testcase name="MonomerNotationGroupTestAND" time="0.0" classname="org.helm.notation2.parser.polymer.MonomerNotationGroupTest"/>
  <testcase name="MonomerNotationGroupTestOr" time="0.001" classname="org.helm.notation2.parser.polymer.MonomerNotationGroupTest"/>
  <testcase name="testInlineAnnoationsInBrackets" time="0.001" classname="parsertest.simplepolymerssectiontest.TestInputSimplePolymerSection"/>
  <testcase name="testInlineAnnoationsWithException" time="0.0" classname="parsertest.simplepolymerssectiontest.TestInputSimplePolymerSection"/>
  <testcase name="testInlineAnnotations" time="0.005" classname="parsertest.simplepolymerssectiontest.TestInputSimplePolymerSection"/>
  <testcase name="testInlineAnnotationsPolymer" time="0.009" classname="parsertest.simplepolymerssectiontest.TestInputSimplePolymerSection"/>
  <testcase name="testInlineAnnotationsPolymerUnknown" time="0.001" classname="parsertest.simplepolymerssectiontest.TestInputSimplePolymerSection"/>
  <testcase name="testInlineAnnotationsPolymerWithException" time="0.004" classname="parsertest.simplepolymerssectiontest.TestInputSimplePolymerSection"/>
  <testcase name="testLysineThereOrNot" time="0.008" classname="parsertest.simplepolymerssectiontest.TestInputSimplePolymerSection"/>
  <testcase name="testMonomerRepeating" time="0.001" classname="parsertest.simplepolymerssectiontest.TestInputSimplePolymerSection"/>
  <testcase name="testMonomerRepeatingRange" time="0.001" classname="parsertest.simplepolymerssectiontest.TestInputSimplePolymerSection"/>
  <testcase name="testMonomerRepeatingUnits" time="0.002" classname="parsertest.simplepolymerssectiontest.TestInputSimplePolymerSection"/>
  <testcase name="testMonomerRepeatingUnitsWithException" time="0.0" classname="parsertest.simplepolymerssectiontest.TestInputSimplePolymerSection"/>
  <testcase name="testNewSimplePolymerType" time="0.003" classname="parsertest.simplepolymerssectiontest.TestInputSimplePolymerSection"/>
  <testcase name="testRepeatedFragments" time="0.007" classname="parsertest.simplepolymerssectiontest.TestInputSimplePolymerSection"/>
  <testcase name="testRepeatedFragmentsWithException" time="0.001" classname="parsertest.simplepolymerssectiontest.TestInputSimplePolymerSection"/>
  <testcase name="testSimpleInput" time="0.009" classname="parsertest.simplepolymerssectiontest.TestInputSimplePolymerSection"/>
  <testcase name="testAnnotationConstructor" time="0.0" classname="org.helm.notation2.parser.annotation.AnnotationNotationTest"/>
  <testcase name="goToFinalStateWithException" time="0.0" classname="parsertest.FinalStateTest"/>
  <testcase name="testSimpleInput" time="0.006" classname="parsertest.annotationsectiontest.TestInputAnnotationSection"/>
  <testcase name="testGroupingAndOr" time="0.009" classname="org.helm.notation2.parser.GroupingNotationTest"/>
  <testcase name="testGroupingNotationMixture" time="0.008" classname="org.helm.notation2.parser.GroupingNotationTest"/>
  <testcase name="testGroupingNotationMixtureRange" time="0.009" classname="org.helm.notation2.parser.GroupingNotationTest"/>
  <testcase name="testGroupingNotationMixtureValue" time="0.009" classname="org.helm.notation2.parser.GroupingNotationTest"/>
  <testcase name="testGroupingNotationOR" time="0.008" classname="org.helm.notation2.parser.GroupingNotationTest"/>
  <testcase name="testGroupingNotationOrDefaultValue" time="0.009" classname="org.helm.notation2.parser.GroupingNotationTest"/>
  <testcase name="goToConnectionsDetailsParser" time="0.001" classname="parsertest.connectionsectiontest.ConnectionsReadSecondIDParserTest"/>
  <testcase name="goToConnectionsDetailsParserWithException" time="0.0" classname="parsertest.connectionsectiontest.ConnectionsReadSecondIDParserTest"/>
  <testcase name="goToBetweenParser" time="0.0" classname="parsertest.simplepolymerssectiontest.SimplePolymersNotationParserTest"/>
  <testcase name="goToInlineAnnotaitonsParser" time="0.0" classname="parsertest.simplepolymerssectiontest.SimplePolymersNotationParserTest"/>
  <testcase name="goToInlineAnnotaitonsParserWithException" time="0.001" classname="parsertest.simplepolymerssectiontest.SimplePolymersNotationParserTest"/>
  <testcase name="goToRepeatingMonomerParser" time="0.0" classname="parsertest.simplepolymerssectiontest.SimplePolymersNotationParserTest"/>
  <testcase name="goToRepeatingMonomerParserWithException" time="0.001" classname="parsertest.simplepolymerssectiontest.SimplePolymersNotationParserTest"/>
  <testcase name="initalizeThisStateTest" time="0.0" classname="parsertest.simplepolymerssectiontest.SimplePolymersNotationParserTest"/>
  <testcase name="initalizeThisStateTestWithException" time="0.0" classname="parsertest.simplepolymerssectiontest.SimplePolymersNotationParserTest"/>
  <testcase name="keepThisStateTest" time="0.0" classname="parsertest.simplepolymerssectiontest.SimplePolymersNotationParserTest"/>
  <testcase name="testSMILESFunction" time="0.0" classname="parsertest.simplepolymerssectiontest.SimplePolymersNotationParserTest"/>
  <testcase name="testSMILESFunctionWithException" time="0.0" classname="parsertest.simplepolymerssectiontest.SimplePolymersNotationParserTest"/>
  <testcase name="testConnectionGrouping" time="0.009" classname="org.helm.notation2.parser.ConnectionNotationTest"/>
  <testcase name="testConnectionNotation" time="0.009" classname="org.helm.notation2.parser.ConnectionNotationTest"/>
  <testcase name="testConnectionNotationTwo" time="0.009" classname="org.helm.notation2.parser.ConnectionNotationTest"/>
  <testcase name="testEntity" time="0.001" classname="org.helm.notation2.parser.polymer.EntityTest"/>
  <testcase name="testMonomerNotationUnitRNA" time="0.0" classname="org.helm.notation2.parser.polymer.MonomerNotationUnitRNATest"/>
  <testcase name="testMonomerNotationUnitRNAContents" time="0.0" classname="org.helm.notation2.parser.polymer.MonomerNotationUnitRNATest"/>
  <testcase name="testMonomerNotationUnitRNAContentsSpecial" time="0.001" classname="org.helm.notation2.parser.polymer.MonomerNotationUnitRNATest"/>
  <testcase name="testMonomerNotationUnitRNAContentsSpecialFive" time="0.0" classname="org.helm.notation2.parser.polymer.MonomerNotationUnitRNATest"/>
  <testcase name="testMonomerNotationUnitRNAContentsSpecialFour" time="0.0" classname="org.helm.notation2.parser.polymer.MonomerNotationUnitRNATest"/>
  <testcase name="testMonomerNotationUnitRNAContentsSpecialSeven" time="0.0" classname="org.helm.notation2.parser.polymer.MonomerNotationUnitRNATest"/>
  <testcase name="testMonomerNotationUnitRNAContentsSpecialSix" time="0.0" classname="org.helm.notation2.parser.polymer.MonomerNotationUnitRNATest"/>
  <testcase name="testMonomerNotationUnitRNAContentsSpecialThree" time="0.001" classname="org.helm.notation2.parser.polymer.MonomerNotationUnitRNATest"/>
  <testcase name="testMonomerNotationUnitRNAContentsSpecialTwo" time="0.0" classname="org.helm.notation2.parser.polymer.MonomerNotationUnitRNATest"/>
  <testcase name="goToConnection" time="0.001" classname="parsertest.simplepolymerssectiontest.BetweenInlineMonomerParser"/>
  <testcase name="goToSimplePolymerNotationParser" time="0.0" classname="parsertest.simplepolymerssectiontest.BetweenInlineMonomerParser"/>
  <testcase name="goToWithException" time="0.0" classname="parsertest.simplepolymerssectiontest.BetweenInlineMonomerParser"/>
  <testcase name="goToAnnotaitonsParserWithException" time="0.0" classname="parsertest.groupingsectiontest.GroupingParserTest"/>
  <testcase name="goToAnnotationsParser" time="0.001" classname="parsertest.groupingsectiontest.GroupingParserTest"/>
  <testcase name="goToGroupingDetailedInformationParser" time="0.0" classname="parsertest.groupingsectiontest.GroupingParserTest"/>
  <testcase name="goToGroupingDetailedInformationWithException" time="0.0" classname="parsertest.groupingsectiontest.GroupingParserTest"/>
  <testcase name="keepThisState" time="0.0" classname="parsertest.groupingsectiontest.GroupingParserTest"/>
  <testcase name="testConnectionMonomer" time="0.011" classname="parsertest.connectionsectiontest.TestInputConnectionSection"/>
  <testcase name="testConnectionMonomerAmbiguity" time="0.01" classname="parsertest.connectionsectiontest.TestInputConnectionSection"/>
  <testcase name="testConnectionMonomerAmbiguityNoInformation" time="0.009" classname="parsertest.connectionsectiontest.TestInputConnectionSection"/>
  <testcase name="testConnectionMonomerAmbiguityPartlyInformation" time="0.009" classname="parsertest.connectionsectiontest.TestInputConnectionSection"/>
  <testcase name="testConnectionStatisticalBinding" time="0.003" classname="parsertest.connectionsectiontest.TestInputConnectionSection"/>
  <testcase name="testConnectionUnknownBinding" time="0.004" classname="parsertest.connectionsectiontest.TestInputConnectionSection"/>
  <testcase name="testHydrogenBondInConnectionSection" time="0.003" classname="parsertest.connectionsectiontest.TestInputConnectionSection"/>
  <testcase name="testInlineAnnotationsConnection" time="0.009" classname="parsertest.connectionsectiontest.TestInputConnectionSection"/>
  <testcase name="testInlineAnnotationsConnectionWithException" time="0.009" classname="parsertest.connectionsectiontest.TestInputConnectionSection"/>
  <testcase name="goToConnectionSectionTest" time="0.0" classname="parsertest.simplepolymerssectiontest.SimplePolymersParserTest"/>
  <testcase name="goToSimplePolymersNotationParserTest" time="0.001" classname="parsertest.simplepolymerssectiontest.SimplePolymersParserTest"/>
  <testcase name="goToSimplePolymersNotationParserTestWithException" time="0.0" classname="parsertest.simplepolymerssectiontest.SimplePolymersParserTest"/>
  <testcase name="keepThisStateTest" time="0.0" classname="parsertest.simplepolymerssectiontest.SimplePolymersParserTest"/>
</testsuite> <!-- Default test -->
